This is pdfTeX, Version 3.141592653-2.6-1.40.28 (TeX Live 2025) (preloaded format=pdflatex 2025.10.28)  4 JAN 2026 23:41
entering extended mode
 restricted \write18 enabled.
 file:line:error style messages enabled.
 %&-line parsing enabled.
**"/Users/lequangtrung123/Documents/Code/Latex/CS115/Recurrent Neural Networks (RNNs), and the Exploding and Vanishing Gradient Problems/CS115.tex"
(/Users/lequangtrung123/Documents/Code/Latex/CS115/Recurrent Neural Networks (RNNs), and the Exploding and Vanishing Gradient Problems/CS115.tex
LaTeX2e <2025-06-01> patch level 1
L3 programming layer <2025-09-02>
(/usr/local/texlive/2025basic/texmf-dist/tex/latex/beamer/beamer.cls
Document Class: beamer 2025/08/13 v3.76 A class for typesetting presentations
(/usr/local/texlive/2025basic/texmf-dist/tex/latex/beamer/beamerbasemodes.sty (/usr/local/texlive/2025basic/texmf-dist/tex/latex/etoolbox/etoolbox.sty
Package: etoolbox 2025/10/02 v2.5m e-TeX tools for LaTeX (JAW)
\etb@tempcnta=\count275
)
\beamer@tempbox=\box53
\beamer@tempcount=\count276
\c@beamerpauses=\count277
 (/usr/local/texlive/2025basic/texmf-dist/tex/latex/beamer/beamerbasedecode.sty
\beamer@slideinframe=\count278
\beamer@minimum=\count279
\beamer@decode@box=\box54
)
\beamer@commentbox=\box55
\beamer@modecount=\count280
) (/usr/local/texlive/2025basic/texmf-dist/tex/generic/iftex/iftex.sty
Package: iftex 2024/12/12 v1.0g TeX engine tests
)
\headdp=\dimen148
\footheight=\dimen149
\sidebarheight=\dimen150
\beamer@tempdim=\dimen151
\beamer@finalheight=\dimen152
\beamer@animht=\dimen153
\beamer@animdp=\dimen154
\beamer@animwd=\dimen155
\beamer@leftmargin=\dimen156
\beamer@rightmargin=\dimen157
\beamer@leftsidebar=\dimen158
\beamer@rightsidebar=\dimen159
\beamer@boxsize=\dimen160
\beamer@vboxoffset=\dimen161
\beamer@descdefault=\dimen162
\beamer@descriptionwidth=\dimen163
\beamer@lastskip=\skip49
\beamer@areabox=\box56
\beamer@animcurrent=\box57
\beamer@animshowbox=\box58
\beamer@sectionbox=\box59
\beamer@logobox=\box60
\beamer@linebox=\box61
\beamer@sectioncount=\count281
\beamer@subsubsectionmax=\count282
\beamer@subsectionmax=\count283
\beamer@sectionmax=\count284
\beamer@totalheads=\count285
\beamer@headcounter=\count286
\beamer@partstartpage=\count287
\beamer@sectionstartpage=\count288
\beamer@subsectionstartpage=\count289
\beamer@animationtempa=\count290
\beamer@animationtempb=\count291
\beamer@xpos=\count292
\beamer@ypos=\count293
\beamer@ypos@offset=\count294
\beamer@showpartnumber=\count295
\beamer@currentsubsection=\count296
\beamer@coveringdepth=\count297
\beamer@sectionadjust=\count298
\beamer@toclastsection=\count299
\beamer@tocsectionnumber=\count300
 (/usr/local/texlive/2025basic/texmf-dist/tex/latex/beamer/beamerbaseoptions.sty (/usr/local/texlive/2025basic/texmf-dist/tex/latex/graphics/keyval.sty
Package: keyval 2022/05/29 v1.15 key=value parser (DPC)
\KV@toks@=\toks17
))
\beamer@paperwidth=\skip50
\beamer@paperheight=\skip51
 (/usr/local/texlive/2025basic/texmf-dist/tex/latex/geometry/geometry.sty
Package: geometry 2020/01/02 v5.9 Page Geometry
 (/usr/local/texlive/2025basic/texmf-dist/tex/generic/iftex/ifvtex.sty
Package: ifvtex 2019/10/25 v1.7 ifvtex legacy package. Use iftex instead.
)
\Gm@cnth=\count301
\Gm@cntv=\count302
\c@Gm@tempcnt=\count303
\Gm@bindingoffset=\dimen164
\Gm@wd@mp=\dimen165
\Gm@odd@mp=\dimen166
\Gm@even@mp=\dimen167
\Gm@layoutwidth=\dimen168
\Gm@layoutheight=\dimen169
\Gm@layouthoffset=\dimen170
\Gm@layoutvoffset=\dimen171
\Gm@dimlist=\toks18
) (/usr/local/texlive/2025basic/texmf-dist/tex/latex/pgf/math/pgfmath.sty (/usr/local/texlive/2025basic/texmf-dist/tex/latex/pgf/utilities/pgfrcs.sty (/usr/local/texlive/2025basic/texmf-dist/tex/generic/pgf/utilities/pgfutil-common.tex
\pgfutil@everybye=\toks19
\pgfutil@tempdima=\dimen172
\pgfutil@tempdimb=\dimen173
) (/usr/local/texlive/2025basic/texmf-dist/tex/generic/pgf/utilities/pgfutil-latex.def
\pgfutil@abb=\box62
) (/usr/local/texlive/2025basic/texmf-dist/tex/generic/pgf/utilities/pgfrcs.code.tex (/usr/local/texlive/2025basic/texmf-dist/tex/generic/pgf/pgf.revision.tex)
Package: pgfrcs 2025-08-29 v3.1.11a (3.1.11a)
)) (/usr/local/texlive/2025basic/texmf-dist/tex/latex/pgf/utilities/pgfkeys.sty (/usr/local/texlive/2025basic/texmf-dist/tex/generic/pgf/utilities/pgfkeys.code.tex
\pgfkeys@pathtoks=\toks20
\pgfkeys@temptoks=\toks21
 (/usr/local/texlive/2025basic/texmf-dist/tex/generic/pgf/utilities/pgfkeyslibraryfiltered.code.tex
\pgfkeys@tmptoks=\toks22
))) (/usr/local/texlive/2025basic/texmf-dist/tex/generic/pgf/math/pgfmath.code.tex (/usr/local/texlive/2025basic/texmf-dist/tex/generic/pgf/math/pgfmathutil.code.tex
\pgf@x=\dimen174
\pgf@xa=\dimen175
\pgf@xb=\dimen176
\pgf@xc=\dimen177
\pgf@y=\dimen178
\pgf@ya=\dimen179
\pgf@yb=\dimen180
\pgf@yc=\dimen181
\c@pgf@counta=\count304
\c@pgf@countb=\count305
\c@pgf@countc=\count306
\c@pgf@countd=\count307
) (/usr/local/texlive/2025basic/texmf-dist/tex/generic/pgf/math/pgfmathparser.code.tex
\pgfmath@dimen=\dimen182
\pgfmath@count=\count308
\pgfmath@box=\box63
\pgfmath@toks=\toks23
\pgfmath@stack@operand=\toks24
\pgfmath@stack@operation=\toks25
) (/usr/local/texlive/2025basic/texmf-dist/tex/generic/pgf/math/pgfmathfunctions.code.tex) (/usr/local/texlive/2025basic/texmf-dist/tex/generic/pgf/math/pgfmathfunctions.basic.code.tex) (/usr/local/texlive/2025basic/texmf-dist/tex/generic/pgf/math/pgfmathfunctions.trigonometric.code.tex) (/usr/local/texlive/2025basic/texmf-dist/tex/generic/pgf/math/pgfmathfunctions.random.code.tex) (/usr/local/texlive/2025basic/texmf-dist/tex/generic/pgf/math/pgfmathfunctions.comparison.code.tex) (/usr/local/texlive/2025basic/texmf-dist/tex/generic/pgf/math/pgfmathfunctions.base.code.tex) (/usr/local/texlive/2025basic/texmf-dist/tex/generic/pgf/math/pgfmathfunctions.round.code.tex) (/usr/local/texlive/2025basic/texmf-dist/tex/generic/pgf/math/pgfmathfunctions.misc.code.tex) (/usr/local/texlive/2025basic/texmf-dist/tex/generic/pgf/math/pgfmathfunctions.integerarithmetics.code.tex) (/usr/local/texlive/2025basic/texmf-dist/tex/generic/pgf/math/pgfmathcalc.code.tex) (/usr/local/texlive/2025basic/texmf-dist/tex/generic/pgf/math/pgfmathfloat.code.tex
\c@pgfmathroundto@lastzeros=\count309
))) (/usr/local/texlive/2025basic/texmf-dist/tex/latex/base/size11.clo
File: size11.clo 2025/01/22 v1.4n Standard LaTeX file (size option)
) (/usr/local/texlive/2025basic/texmf-dist/tex/latex/pgf/basiclayer/pgfcore.sty (/usr/local/texlive/2025basic/texmf-dist/tex/latex/graphics/graphicx.sty
Package: graphicx 2024/12/31 v1.2e Enhanced LaTeX Graphics (DPC,SPQR)
 (/usr/local/texlive/2025basic/texmf-dist/tex/latex/graphics/graphics.sty
Package: graphics 2024/08/06 v1.4g Standard LaTeX Graphics (DPC,SPQR)
 (/usr/local/texlive/2025basic/texmf-dist/tex/latex/graphics/trig.sty
Package: trig 2023/12/02 v1.11 sin cos tan (DPC)
) (/usr/local/texlive/2025basic/texmf-dist/tex/latex/graphics-cfg/graphics.cfg
File: graphics.cfg 2016/06/04 v1.11 sample graphics configuration
)
Package graphics Info: Driver file: pdftex.def on input line 106.
 (/usr/local/texlive/2025basic/texmf-dist/tex/latex/graphics-def/pdftex.def
File: pdftex.def 2025/09/29 v1.2d Graphics/color driver for pdftex
))
\Gin@req@height=\dimen183
\Gin@req@width=\dimen184
) (/usr/local/texlive/2025basic/texmf-dist/tex/latex/pgf/systemlayer/pgfsys.sty (/usr/local/texlive/2025basic/texmf-dist/tex/generic/pgf/systemlayer/pgfsys.code.tex
Package: pgfsys 2025-08-29 v3.1.11a (3.1.11a)
\pgf@x=\dimen185
\pgf@y=\dimen186
\pgf@xa=\dimen187
\pgf@ya=\dimen188
\pgf@xb=\dimen189
\pgf@yb=\dimen190
\pgf@xc=\dimen191
\pgf@yc=\dimen192
\pgf@xd=\dimen193
\pgf@yd=\dimen194
\w@pgf@writea=\write3
\r@pgf@reada=\read2
\c@pgf@counta=\count310
\c@pgf@countb=\count311
\c@pgf@countc=\count312
\c@pgf@countd=\count313
\t@pgf@toka=\toks26
\t@pgf@tokb=\toks27
\t@pgf@tokc=\toks28
\pgf@sys@id@count=\count314
 (/usr/local/texlive/2025basic/texmf-dist/tex/generic/pgf/systemlayer/pgf.cfg
File: pgf.cfg 2025-08-29 v3.1.11a (3.1.11a)
)
Driver file for pgf: pgfsys-pdftex.def
 (/usr/local/texlive/2025basic/texmf-dist/tex/generic/pgf/systemlayer/pgfsys-pdftex.def
File: pgfsys-pdftex.def 2025-08-29 v3.1.11a (3.1.11a)
 (/usr/local/texlive/2025basic/texmf-dist/tex/generic/pgf/systemlayer/pgfsys-common-pdf.def
File: pgfsys-common-pdf.def 2025-08-29 v3.1.11a (3.1.11a)
))) (/usr/local/texlive/2025basic/texmf-dist/tex/generic/pgf/systemlayer/pgfsyssoftpath.code.tex
File: pgfsyssoftpath.code.tex 2025-08-29 v3.1.11a (3.1.11a)
\pgfsyssoftpath@smallbuffer@items=\count315
\pgfsyssoftpath@bigbuffer@items=\count316
) (/usr/local/texlive/2025basic/texmf-dist/tex/generic/pgf/systemlayer/pgfsysprotocol.code.tex
File: pgfsysprotocol.code.tex 2025-08-29 v3.1.11a (3.1.11a)
)) (/usr/local/texlive/2025basic/texmf-dist/tex/latex/xcolor/xcolor.sty
Package: xcolor 2024/09/29 v3.02 LaTeX color extensions (UK)
 (/usr/local/texlive/2025basic/texmf-dist/tex/latex/graphics-cfg/color.cfg
File: color.cfg 2016/01/02 v1.6 sample color configuration
)
Package xcolor Info: Driver file: pdftex.def on input line 274.
 (/usr/local/texlive/2025basic/texmf-dist/tex/latex/graphics/mathcolor.ltx)
Package xcolor Info: Model `cmy' substituted by `cmy0' on input line 1349.
Package xcolor Info: Model `hsb' substituted by `rgb' on input line 1353.
Package xcolor Info: Model `RGB' extended on input line 1365.
Package xcolor Info: Model `HTML' substituted by `rgb' on input line 1367.
Package xcolor Info: Model `Hsb' substituted by `hsb' on input line 1368.
Package xcolor Info: Model `tHsb' substituted by `hsb' on input line 1369.
Package xcolor Info: Model `HSB' substituted by `hsb' on input line 1370.
Package xcolor Info: Model `Gray' substituted by `gray' on input line 1371.
Package xcolor Info: Model `wave' substituted by `hsb' on input line 1372.
) (/usr/local/texlive/2025basic/texmf-dist/tex/generic/pgf/basiclayer/pgfcore.code.tex
Package: pgfcore 2025-08-29 v3.1.11a (3.1.11a)
 (/usr/local/texlive/2025basic/texmf-dist/tex/generic/pgf/math/pgfint.code.tex) (/usr/local/texlive/2025basic/texmf-dist/tex/generic/pgf/basiclayer/pgfcorepoints.code.tex
File: pgfcorepoints.code.tex 2025-08-29 v3.1.11a (3.1.11a)
\pgf@picminx=\dimen195
\pgf@picmaxx=\dimen196
\pgf@picminy=\dimen197
\pgf@picmaxy=\dimen198
\pgf@pathminx=\dimen199
\pgf@pathmaxx=\dimen256
\pgf@pathminy=\dimen257
\pgf@pathmaxy=\dimen258
\pgf@xx=\dimen259
\pgf@xy=\dimen260
\pgf@yx=\dimen261
\pgf@yy=\dimen262
\pgf@zx=\dimen263
\pgf@zy=\dimen264
) (/usr/local/texlive/2025basic/texmf-dist/tex/generic/pgf/basiclayer/pgfcorepathconstruct.code.tex
File: pgfcorepathconstruct.code.tex 2025-08-29 v3.1.11a (3.1.11a)
\pgf@path@lastx=\dimen265
\pgf@path@lasty=\dimen266
) (/usr/local/texlive/2025basic/texmf-dist/tex/generic/pgf/basiclayer/pgfcorepathusage.code.tex
File: pgfcorepathusage.code.tex 2025-08-29 v3.1.11a (3.1.11a)
\pgf@shorten@end@additional=\dimen267
\pgf@shorten@start@additional=\dimen268
) (/usr/local/texlive/2025basic/texmf-dist/tex/generic/pgf/basiclayer/pgfcorescopes.code.tex
File: pgfcorescopes.code.tex 2025-08-29 v3.1.11a (3.1.11a)
\pgfpic=\box64
\pgf@hbox=\box65
\pgf@layerbox@main=\box66
\pgf@picture@serial@count=\count317
) (/usr/local/texlive/2025basic/texmf-dist/tex/generic/pgf/basiclayer/pgfcoregraphicstate.code.tex
File: pgfcoregraphicstate.code.tex 2025-08-29 v3.1.11a (3.1.11a)
\pgflinewidth=\dimen269
) (/usr/local/texlive/2025basic/texmf-dist/tex/generic/pgf/basiclayer/pgfcoretransformations.code.tex
File: pgfcoretransformations.code.tex 2025-08-29 v3.1.11a (3.1.11a)
\pgf@pt@x=\dimen270
\pgf@pt@y=\dimen271
\pgf@pt@temp=\dimen272
) (/usr/local/texlive/2025basic/texmf-dist/tex/generic/pgf/basiclayer/pgfcorequick.code.tex
File: pgfcorequick.code.tex 2025-08-29 v3.1.11a (3.1.11a)
) (/usr/local/texlive/2025basic/texmf-dist/tex/generic/pgf/basiclayer/pgfcoreobjects.code.tex
File: pgfcoreobjects.code.tex 2025-08-29 v3.1.11a (3.1.11a)
) (/usr/local/texlive/2025basic/texmf-dist/tex/generic/pgf/basiclayer/pgfcorepathprocessing.code.tex
File: pgfcorepathprocessing.code.tex 2025-08-29 v3.1.11a (3.1.11a)
) (/usr/local/texlive/2025basic/texmf-dist/tex/generic/pgf/basiclayer/pgfcorearrows.code.tex
File: pgfcorearrows.code.tex 2025-08-29 v3.1.11a (3.1.11a)
\pgfarrowsep=\dimen273
) (/usr/local/texlive/2025basic/texmf-dist/tex/generic/pgf/basiclayer/pgfcoreshade.code.tex
File: pgfcoreshade.code.tex 2025-08-29 v3.1.11a (3.1.11a)
\pgf@max=\dimen274
\pgf@sys@shading@range@num=\count318
\pgf@shadingcount=\count319
) (/usr/local/texlive/2025basic/texmf-dist/tex/generic/pgf/basiclayer/pgfcoreimage.code.tex
File: pgfcoreimage.code.tex 2025-08-29 v3.1.11a (3.1.11a)
) (/usr/local/texlive/2025basic/texmf-dist/tex/generic/pgf/basiclayer/pgfcoreexternal.code.tex
File: pgfcoreexternal.code.tex 2025-08-29 v3.1.11a (3.1.11a)
\pgfexternal@startupbox=\box67
) (/usr/local/texlive/2025basic/texmf-dist/tex/generic/pgf/basiclayer/pgfcorelayers.code.tex
File: pgfcorelayers.code.tex 2025-08-29 v3.1.11a (3.1.11a)
) (/usr/local/texlive/2025basic/texmf-dist/tex/generic/pgf/basiclayer/pgfcoretransparency.code.tex
File: pgfcoretransparency.code.tex 2025-08-29 v3.1.11a (3.1.11a)
) (/usr/local/texlive/2025basic/texmf-dist/tex/generic/pgf/basiclayer/pgfcorepatterns.code.tex
File: pgfcorepatterns.code.tex 2025-08-29 v3.1.11a (3.1.11a)
) (/usr/local/texlive/2025basic/texmf-dist/tex/generic/pgf/basiclayer/pgfcorerdf.code.tex
File: pgfcorerdf.code.tex 2025-08-29 v3.1.11a (3.1.11a)
))) (/usr/local/texlive/2025basic/texmf-dist/tex/latex/pgf/utilities/xxcolor.sty
Package: xxcolor 2003/10/24 ver 0.1
\XC@nummixins=\count320
\XC@countmixins=\count321
) (/usr/local/texlive/2025basic/texmf-dist/tex/latex/base/atbegshi-ltx.sty
Package: atbegshi-ltx 2021/01/10 v1.0c Emulation of the original atbegshi
package with kernel methods
) (/usr/local/texlive/2025basic/texmf-dist/tex/latex/hyperref/hyperref.sty
Package: hyperref 2025-07-12 v7.01o Hypertext links for LaTeX
 (/usr/local/texlive/2025basic/texmf-dist/tex/latex/kvsetkeys/kvsetkeys.sty
Package: kvsetkeys 2022-10-05 v1.19 Key value parser (HO)
) (/usr/local/texlive/2025basic/texmf-dist/tex/generic/kvdefinekeys/kvdefinekeys.sty
Package: kvdefinekeys 2019-12-19 v1.6 Define keys (HO)
) (/usr/local/texlive/2025basic/texmf-dist/tex/generic/pdfescape/pdfescape.sty
Package: pdfescape 2019/12/09 v1.15 Implements pdfTeX's escape features (HO)
 (/usr/local/texlive/2025basic/texmf-dist/tex/generic/ltxcmds/ltxcmds.sty
Package: ltxcmds 2023-12-04 v1.26 LaTeX kernel commands for general use (HO)
) (/usr/local/texlive/2025basic/texmf-dist/tex/generic/pdftexcmds/pdftexcmds.sty
Package: pdftexcmds 2020-06-27 v0.33 Utility functions of pdfTeX for LuaTeX (HO)
 (/usr/local/texlive/2025basic/texmf-dist/tex/generic/infwarerr/infwarerr.sty
Package: infwarerr 2019/12/03 v1.5 Providing info/warning/error messages (HO)
)
Package pdftexcmds Info: \pdf@primitive is available.
Package pdftexcmds Info: \pdf@ifprimitive is available.
Package pdftexcmds Info: \pdfdraftmode found.
)) (/usr/local/texlive/2025basic/texmf-dist/tex/latex/hycolor/hycolor.sty
Package: hycolor 2020-01-27 v1.10 Color options for hyperref/bookmark (HO)
) (/usr/local/texlive/2025basic/texmf-dist/tex/latex/hyperref/nameref.sty
Package: nameref 2025-06-21 v2.57 Cross-referencing by name of section
 (/usr/local/texlive/2025basic/texmf-dist/tex/latex/refcount/refcount.sty
Package: refcount 2019/12/15 v3.6 Data extraction from label references (HO)
) (/usr/local/texlive/2025basic/texmf-dist/tex/generic/gettitlestring/gettitlestring.sty
Package: gettitlestring 2019/12/15 v1.6 Cleanup title references (HO)
 (/usr/local/texlive/2025basic/texmf-dist/tex/latex/kvoptions/kvoptions.sty
Package: kvoptions 2022-06-15 v3.15 Key value format for package options (HO)
))
\c@section@level=\count322
) (/usr/local/texlive/2025basic/texmf-dist/tex/generic/stringenc/stringenc.sty
Package: stringenc 2019/11/29 v1.12 Convert strings between diff. encodings (HO)
)
\@linkdim=\dimen275
\Hy@linkcounter=\count323
\Hy@pagecounter=\count324
 (/usr/local/texlive/2025basic/texmf-dist/tex/latex/hyperref/pd1enc.def
File: pd1enc.def 2025-07-12 v7.01o Hyperref: PDFDocEncoding definition (HO)
Now handling font encoding PD1 ...
... no UTF-8 mapping file for font encoding PD1
) (/usr/local/texlive/2025basic/texmf-dist/tex/generic/intcalc/intcalc.sty
Package: intcalc 2019/12/15 v1.3 Expandable calculations with integers (HO)
)
\Hy@SavedSpaceFactor=\count325
 (/usr/local/texlive/2025basic/texmf-dist/tex/latex/hyperref/puenc.def
File: puenc.def 2025-07-12 v7.01o Hyperref: PDF Unicode definition (HO)
Now handling font encoding PU ...
... no UTF-8 mapping file for font encoding PU
)
Package hyperref Info: Option `bookmarks' set `true' on input line 4066.
Package hyperref Info: Option `bookmarksopen' set `true' on input line 4066.
Package hyperref Info: Option `implicit' set `false' on input line 4066.
Package hyperref Info: Hyper figures OFF on input line 4195.
Package hyperref Info: Link nesting OFF on input line 4200.
Package hyperref Info: Hyper index ON on input line 4203.
Package hyperref Info: Plain pages OFF on input line 4210.
Package hyperref Info: Backreferencing OFF on input line 4215.
Package hyperref Info: Implicit mode OFF; no redefinition of LaTeX internals.
Package hyperref Info: Bookmarks ON on input line 4462.
\c@Hy@tempcnt=\count326
 (/usr/local/texlive/2025basic/texmf-dist/tex/latex/url/url.sty
\Urlmuskip=\muskip17
Package: url 2013/09/16  ver 3.4  Verb mode for urls, etc.
)
LaTeX Info: Redefining \url on input line 4801.
\XeTeXLinkMargin=\dimen276
 (/usr/local/texlive/2025basic/texmf-dist/tex/generic/bitset/bitset.sty
Package: bitset 2019/12/09 v1.3 Handle bit-vector datatype (HO)
 (/usr/local/texlive/2025basic/texmf-dist/tex/generic/bigintcalc/bigintcalc.sty
Package: bigintcalc 2019/12/15 v1.5 Expandable calculations on big integers (HO)
))
\Fld@menulength=\count327
\Field@Width=\dimen277
\Fld@charsize=\dimen278
Package hyperref Info: Hyper figures OFF on input line 6078.
Package hyperref Info: Link nesting OFF on input line 6083.
Package hyperref Info: Hyper index ON on input line 6086.
Package hyperref Info: backreferencing OFF on input line 6093.
Package hyperref Info: Link coloring OFF on input line 6098.
Package hyperref Info: Link coloring with OCG OFF on input line 6103.
Package hyperref Info: PDF/A mode OFF on input line 6108.
\Hy@abspage=\count328


Package hyperref Message: Stopped early.

)
Package hyperref Info: Driver (autodetected): hpdftex.
 (/usr/local/texlive/2025basic/texmf-dist/tex/latex/hyperref/hpdftex.def
File: hpdftex.def 2025-07-12 v7.01o Hyperref driver for pdfTeX
\Fld@listcount=\count329
\c@bookmark@seq@number=\count330
 (/usr/local/texlive/2025basic/texmf-dist/tex/latex/rerunfilecheck/rerunfilecheck.sty
Package: rerunfilecheck 2025-06-21 v1.11 Rerun checks for auxiliary files (HO)
 (/usr/local/texlive/2025basic/texmf-dist/tex/generic/uniquecounter/uniquecounter.sty
Package: uniquecounter 2019/12/15 v1.4 Provide unlimited unique counter (HO)
)
Package uniquecounter Info: New unique counter `rerunfilecheck' on input line 284.
)) (/usr/local/texlive/2025basic/texmf-dist/tex/latex/beamer/beamerbaserequires.sty (/usr/local/texlive/2025basic/texmf-dist/tex/latex/beamer/beamerbasecompatibility.sty) (/usr/local/texlive/2025basic/texmf-dist/tex/latex/beamer/beamerbasefont.sty (/usr/local/texlive/2025basic/texmf-dist/tex/latex/amsfonts/amssymb.sty
Package: amssymb 2013/01/14 v3.01 AMS font symbols
 (/usr/local/texlive/2025basic/texmf-dist/tex/latex/amsfonts/amsfonts.sty
Package: amsfonts 2013/01/14 v3.01 Basic AMSFonts support
\@emptytoks=\toks29
\symAMSa=\mathgroup4
\symAMSb=\mathgroup5
LaTeX Font Info:    Redeclaring math symbol \hbar on input line 98.
LaTeX Font Info:    Overwriting math alphabet `\mathfrak' in version `bold'
(Font)                  U/euf/m/n --> U/euf/b/n on input line 106.
)) (/usr/local/texlive/2025basic/texmf-dist/tex/latex/sansmathaccent/sansmathaccent.sty
Package: sansmathaccent 2020/01/31
 (/usr/local/texlive/2025basic/texmf-dist/tex/latex/koma-script/scrlfile.sty
Package: scrlfile 2025/09/09 v3.48 KOMA-Script package (file load hooks)
 (/usr/local/texlive/2025basic/texmf-dist/tex/latex/koma-script/scrlfile-hook.sty
Package: scrlfile-hook 2025/09/09 v3.48 KOMA-Script package (using LaTeX hooks)
 (/usr/local/texlive/2025basic/texmf-dist/tex/latex/koma-script/scrlogo.sty
Package: scrlogo 2025/09/09 v3.48 KOMA-Script package (logo)
))))) (/usr/local/texlive/2025basic/texmf-dist/tex/latex/beamer/beamerbasetranslator.sty (/usr/local/texlive/2025basic/texmf-dist/tex/latex/translator/translator.sty
Package: translator 2021-05-31 v1.12d Easy translation of strings in LaTeX
)) (/usr/local/texlive/2025basic/texmf-dist/tex/latex/beamer/beamerbasemisc.sty) (/usr/local/texlive/2025basic/texmf-dist/tex/latex/beamer/beamerbasetwoscreens.sty) (/usr/local/texlive/2025basic/texmf-dist/tex/latex/beamer/beamerbaseoverlay.sty
\beamer@argscount=\count331
\beamer@lastskipcover=\skip52
\beamer@trivlistdepth=\count332
) (/usr/local/texlive/2025basic/texmf-dist/tex/latex/beamer/beamerbasetitle.sty) (/usr/local/texlive/2025basic/texmf-dist/tex/latex/beamer/beamerbasesection.sty
\c@lecture=\count333
\c@part=\count334
\c@section=\count335
\c@subsection=\count336
\c@subsubsection=\count337
) (/usr/local/texlive/2025basic/texmf-dist/tex/latex/beamer/beamerbaseframe.sty
\beamer@framebox=\box68
\beamer@frametitlebox=\box69
\beamer@zoombox=\box70
\beamer@zoomcount=\count338
\beamer@zoomframecount=\count339
\beamer@frametextheight=\dimen279
\c@subsectionslide=\count340
\beamer@frametopskip=\skip53
\beamer@framebottomskip=\skip54
\beamer@frametopskipautobreak=\skip55
\beamer@framebottomskipautobreak=\skip56
\beamer@envbody=\toks30
\framewidth=\dimen280
\c@framenumber=\count341
) (/usr/local/texlive/2025basic/texmf-dist/tex/latex/beamer/beamerbaseverbatim.sty
\beamer@verbatimfileout=\write4
) (/usr/local/texlive/2025basic/texmf-dist/tex/latex/beamer/beamerbaseframesize.sty
\beamer@splitbox=\box71
\beamer@autobreakcount=\count342
\beamer@autobreaklastheight=\dimen281
\beamer@frametitletoks=\toks31
\beamer@framesubtitletoks=\toks32
) (/usr/local/texlive/2025basic/texmf-dist/tex/latex/beamer/beamerbaseframecomponents.sty
\beamer@colheight=\skip57
\beamer@footins=\box72
) (/usr/local/texlive/2025basic/texmf-dist/tex/latex/beamer/beamerbasecolor.sty) (/usr/local/texlive/2025basic/texmf-dist/tex/latex/beamer/beamerbasenotes.sty
\beamer@frameboxcopy=\box73
) (/usr/local/texlive/2025basic/texmf-dist/tex/latex/beamer/beamerbasetoc.sty) (/usr/local/texlive/2025basic/texmf-dist/tex/latex/beamer/beamerbasetemplates.sty
\beamer@sbttoks=\toks33
 (/usr/local/texlive/2025basic/texmf-dist/tex/latex/beamer/beamerbaseauxtemplates.sty (/usr/local/texlive/2025basic/texmf-dist/tex/latex/beamer/beamerbaseboxes.sty
\bmb@box=\box74
\bmb@colorbox=\box75
\bmb@boxwidth=\dimen282
\bmb@boxheight=\dimen283
\bmb@prevheight=\dimen284
\bmb@temp=\dimen285
\bmb@dima=\dimen286
\bmb@dimb=\dimen287
\bmb@prevheight=\dimen288
)
\beamer@blockheadheight=\dimen289
)) (/usr/local/texlive/2025basic/texmf-dist/tex/latex/beamer/beamerbaselocalstructure.sty (/usr/local/texlive/2025basic/texmf-dist/tex/latex/tools/enumerate.sty
Package: enumerate 2023/07/04 v3.00 enumerate extensions (DPC)
\@enLab=\toks34
)
\beamer@bibiconwidth=\skip58
\c@figure=\count343
\c@table=\count344
\abovecaptionskip=\skip59
\belowcaptionskip=\skip60
) (/usr/local/texlive/2025basic/texmf-dist/tex/latex/beamer/beamerbasenavigation.sty (/usr/local/texlive/2025basic/texmf-dist/tex/latex/beamer/beamerbasenavigationsymbols.tex)
\beamer@section@min@dim=\dimen290
) (/usr/local/texlive/2025basic/texmf-dist/tex/latex/beamer/beamerbasetheorems.sty (/usr/local/texlive/2025basic/texmf-dist/tex/latex/amsmath/amsmath.sty
Package: amsmath 2025/07/09 v2.17z AMS math features
\@mathmargin=\skip61

For additional information on amsmath, use the `?' option.
(/usr/local/texlive/2025basic/texmf-dist/tex/latex/amsmath/amstext.sty
Package: amstext 2024/11/17 v2.01 AMS text
 (/usr/local/texlive/2025basic/texmf-dist/tex/latex/amsmath/amsgen.sty
File: amsgen.sty 1999/11/30 v2.0 generic functions
\@emptytoks=\toks35
\ex@=\dimen291
)) (/usr/local/texlive/2025basic/texmf-dist/tex/latex/amsmath/amsbsy.sty
Package: amsbsy 1999/11/29 v1.2d Bold Symbols
\pmbraise@=\dimen292
) (/usr/local/texlive/2025basic/texmf-dist/tex/latex/amsmath/amsopn.sty
Package: amsopn 2022/04/08 v2.04 operator names
)
\inf@bad=\count345
LaTeX Info: Redefining \frac on input line 233.
\uproot@=\count346
\leftroot@=\count347
LaTeX Info: Redefining \overline on input line 398.
LaTeX Info: Redefining \colon on input line 409.
\classnum@=\count348
\DOTSCASE@=\count349
LaTeX Info: Redefining \ldots on input line 495.
LaTeX Info: Redefining \dots on input line 498.
LaTeX Info: Redefining \cdots on input line 619.
\Mathstrutbox@=\box76
\strutbox@=\box77
LaTeX Info: Redefining \big on input line 721.
LaTeX Info: Redefining \Big on input line 722.
LaTeX Info: Redefining \bigg on input line 723.
LaTeX Info: Redefining \Bigg on input line 724.
\big@size=\dimen293
LaTeX Font Info:    Redeclaring font encoding OML on input line 742.
LaTeX Font Info:    Redeclaring font encoding OMS on input line 743.
\macc@depth=\count350
LaTeX Info: Redefining \bmod on input line 904.
LaTeX Info: Redefining \pmod on input line 909.
LaTeX Info: Redefining \smash on input line 939.
LaTeX Info: Redefining \relbar on input line 969.
LaTeX Info: Redefining \Relbar on input line 970.
\c@MaxMatrixCols=\count351
\dotsspace@=\muskip18
\c@parentequation=\count352
\dspbrk@lvl=\count353
\tag@help=\toks36
\row@=\count354
\column@=\count355
\maxfields@=\count356
\andhelp@=\toks37
\eqnshift@=\dimen294
\alignsep@=\dimen295
\tagshift@=\dimen296
\tagwidth@=\dimen297
\totwidth@=\dimen298
\lineht@=\dimen299
\@envbody=\toks38
\multlinegap=\skip62
\multlinetaggap=\skip63
\mathdisplay@stack=\toks39
LaTeX Info: Redefining \[ on input line 2950.
LaTeX Info: Redefining \] on input line 2951.
) (/usr/local/texlive/2025basic/texmf-dist/tex/latex/amscls/amsthm.sty
Package: amsthm 2020/05/29 v2.20.6
\thm@style=\toks40
\thm@bodyfont=\toks41
\thm@headfont=\toks42
\thm@notefont=\toks43
\thm@headpunct=\toks44
\thm@preskip=\skip64
\thm@postskip=\skip65
\thm@headsep=\skip66
\dth@everypar=\toks45
)
\c@theorem=\count357
) (/usr/local/texlive/2025basic/texmf-dist/tex/latex/beamer/beamerbasethemes.sty)) (/usr/local/texlive/2025basic/texmf-dist/tex/latex/beamer/beamerthemedefault.sty (/usr/local/texlive/2025basic/texmf-dist/tex/latex/beamer/beamerfontthemedefault.sty) (/usr/local/texlive/2025basic/texmf-dist/tex/latex/beamer/beamercolorthemedefault.sty) (/usr/local/texlive/2025basic/texmf-dist/tex/latex/beamer/beamerinnerthemedefault.sty
\beamer@dima=\dimen300
\beamer@dimb=\dimen301
) (/usr/local/texlive/2025basic/texmf-dist/tex/latex/beamer/beamerouterthemedefault.sty))) (/usr/local/texlive/2025basic/texmf-dist/tex/latex/beamer/beamerthemeMadrid.sty (/usr/local/texlive/2025basic/texmf-dist/tex/latex/beamer/beamercolorthemewhale.sty) (/usr/local/texlive/2025basic/texmf-dist/tex/latex/beamer/beamercolorthemeorchid.sty) (/usr/local/texlive/2025basic/texmf-dist/tex/latex/beamer/beamerinnerthemerounded.sty) (/usr/local/texlive/2025basic/texmf-dist/tex/latex/beamer/beamerouterthemeinfolines.sty)) (/usr/local/texlive/2025basic/texmf-dist/tex/latex/base/inputenc.sty
Package: inputenc 2024/02/08 v1.3d Input encoding file
\inpenc@prehook=\toks46
\inpenc@posthook=\toks47
) (/usr/local/texlive/2025basic/texmf-dist/tex/latex/base/fontenc.sty
Package: fontenc 2025/07/18 v2.1d Standard LaTeX package
 (/usr/local/texlive/2025basic/texmf-dist/tex/latex/vntex/t5enc.def
File: t5enc.def 2006/11/21 v1.4 Vietnamese T5 encoding
Now handling font encoding T5 ...
... processing UTF-8 mapping file for font encoding T5
 (/usr/local/texlive/2025basic/texmf-dist/tex/latex/vntex/t5enc.dfu
File: t5enc.dfu 2006/08/19 v1.1 UTF8 support for Vietnamese
   defining Unicode char U+00AB (decimal 171)
   defining Unicode char U+00BB (decimal 187)
   defining Unicode char U+00C0 (decimal 192)
   defining Unicode char U+00C1 (decimal 193)
   defining Unicode char U+00C2 (decimal 194)
   defining Unicode char U+00C3 (decimal 195)
   defining Unicode char U+00C8 (decimal 200)
   defining Unicode char U+00C9 (decimal 201)
   defining Unicode char U+00CA (decimal 202)
   defining Unicode char U+00CC (decimal 204)
   defining Unicode char U+00CD (decimal 205)
   defining Unicode char U+00D2 (decimal 210)
   defining Unicode char U+00D3 (decimal 211)
   defining Unicode char U+00D4 (decimal 212)
   defining Unicode char U+00D5 (decimal 213)
   defining Unicode char U+00D9 (decimal 217)
   defining Unicode char U+00DA (decimal 218)
   defining Unicode char U+00DD (decimal 221)
   defining Unicode char U+00E0 (decimal 224)
   defining Unicode char U+00E1 (decimal 225)
   defining Unicode char U+00E2 (decimal 226)
   defining Unicode char U+00E3 (decimal 227)
   defining Unicode char U+00E8 (decimal 232)
   defining Unicode char U+00E9 (decimal 233)
   defining Unicode char U+00EA (decimal 234)
   defining Unicode char U+00EC (decimal 236)
   defining Unicode char U+00ED (decimal 237)
   defining Unicode char U+00F2 (decimal 242)
   defining Unicode char U+00F3 (decimal 243)
   defining Unicode char U+00F4 (decimal 244)
   defining Unicode char U+00F5 (decimal 245)
   defining Unicode char U+00F9 (decimal 249)
   defining Unicode char U+00FA (decimal 250)
   defining Unicode char U+00FD (decimal 253)
   defining Unicode char U+0102 (decimal 258)
   defining Unicode char U+0103 (decimal 259)
   defining Unicode char U+0110 (decimal 272)
   defining Unicode char U+0111 (decimal 273)
   defining Unicode char U+0128 (decimal 296)
   defining Unicode char U+0129 (decimal 297)
   defining Unicode char U+0131 (decimal 305)
   defining Unicode char U+0168 (decimal 360)
   defining Unicode char U+0169 (decimal 361)
   defining Unicode char U+01A0 (decimal 416)
   defining Unicode char U+01A1 (decimal 417)
   defining Unicode char U+01AF (decimal 431)
   defining Unicode char U+01B0 (decimal 432)
   defining Unicode char U+1EA0 (decimal 7840)
   defining Unicode char U+1EA1 (decimal 7841)
   defining Unicode char U+1EA2 (decimal 7842)
   defining Unicode char U+1EA3 (decimal 7843)
   defining Unicode char U+1EA4 (decimal 7844)
   defining Unicode char U+1EA5 (decimal 7845)
   defining Unicode char U+1EA6 (decimal 7846)
   defining Unicode char U+1EA7 (decimal 7847)
   defining Unicode char U+1EA8 (decimal 7848)
   defining Unicode char U+1EA9 (decimal 7849)
   defining Unicode char U+1EAA (decimal 7850)
   defining Unicode char U+1EAB (decimal 7851)
   defining Unicode char U+1EAC (decimal 7852)
   defining Unicode char U+1EAD (decimal 7853)
   defining Unicode char U+1EAE (decimal 7854)
   defining Unicode char U+1EAF (decimal 7855)
   defining Unicode char U+1EB0 (decimal 7856)
   defining Unicode char U+1EB1 (decimal 7857)
   defining Unicode char U+1EB2 (decimal 7858)
   defining Unicode char U+1EB3 (decimal 7859)
   defining Unicode char U+1EB4 (decimal 7860)
   defining Unicode char U+1EB5 (decimal 7861)
   defining Unicode char U+1EB6 (decimal 7862)
   defining Unicode char U+1EB7 (decimal 7863)
   defining Unicode char U+1EB8 (decimal 7864)
   defining Unicode char U+1EB9 (decimal 7865)
   defining Unicode char U+1EBA (decimal 7866)
   defining Unicode char U+1EBB (decimal 7867)
   defining Unicode char U+1EBC (decimal 7868)
   defining Unicode char U+1EBD (decimal 7869)
   defining Unicode char U+1EBE (decimal 7870)
   defining Unicode char U+1EBF (decimal 7871)
   defining Unicode char U+1EC0 (decimal 7872)
   defining Unicode char U+1EC1 (decimal 7873)
   defining Unicode char U+1EC2 (decimal 7874)
   defining Unicode char U+1EC3 (decimal 7875)
   defining Unicode char U+1EC4 (decimal 7876)
   defining Unicode char U+1EC5 (decimal 7877)
   defining Unicode char U+1EC6 (decimal 7878)
   defining Unicode char U+1EC7 (decimal 7879)
   defining Unicode char U+1EC8 (decimal 7880)
   defining Unicode char U+1EC9 (decimal 7881)
   defining Unicode char U+1ECA (decimal 7882)
   defining Unicode char U+1ECB (decimal 7883)
   defining Unicode char U+1ECC (decimal 7884)
   defining Unicode char U+1ECD (decimal 7885)
   defining Unicode char U+1ECE (decimal 7886)
   defining Unicode char U+1ECF (decimal 7887)
   defining Unicode char U+1ED0 (decimal 7888)
   defining Unicode char U+1ED1 (decimal 7889)
   defining Unicode char U+1ED2 (decimal 7890)
   defining Unicode char U+1ED3 (decimal 7891)
   defining Unicode char U+1ED4 (decimal 7892)
   defining Unicode char U+1ED5 (decimal 7893)
   defining Unicode char U+1ED6 (decimal 7894)
   defining Unicode char U+1ED7 (decimal 7895)
   defining Unicode char U+1ED8 (decimal 7896)
   defining Unicode char U+1ED9 (decimal 7897)
   defining Unicode char U+1EDA (decimal 7898)
   defining Unicode char U+1EDB (decimal 7899)
   defining Unicode char U+1EDC (decimal 7900)
   defining Unicode char U+1EDD (decimal 7901)
   defining Unicode char U+1EDE (decimal 7902)
   defining Unicode char U+1EDF (decimal 7903)
   defining Unicode char U+1EE0 (decimal 7904)
   defining Unicode char U+1EE1 (decimal 7905)
   defining Unicode char U+1EE2 (decimal 7906)
   defining Unicode char U+1EE3 (decimal 7907)
   defining Unicode char U+1EE4 (decimal 7908)
   defining Unicode char U+1EE5 (decimal 7909)
   defining Unicode char U+1EE6 (decimal 7910)
   defining Unicode char U+1EE7 (decimal 7911)
   defining Unicode char U+1EE8 (decimal 7912)
   defining Unicode char U+1EE9 (decimal 7913)
   defining Unicode char U+1EEA (decimal 7914)
   defining Unicode char U+1EEB (decimal 7915)
   defining Unicode char U+1EEC (decimal 7916)
   defining Unicode char U+1EED (decimal 7917)
   defining Unicode char U+1EEE (decimal 7918)
   defining Unicode char U+1EEF (decimal 7919)
   defining Unicode char U+1EF0 (decimal 7920)
   defining Unicode char U+1EF1 (decimal 7921)
   defining Unicode char U+1EF2 (decimal 7922)
   defining Unicode char U+1EF3 (decimal 7923)
   defining Unicode char U+1EF4 (decimal 7924)
   defining Unicode char U+1EF5 (decimal 7925)
   defining Unicode char U+1EF6 (decimal 7926)
   defining Unicode char U+1EF7 (decimal 7927)
   defining Unicode char U+1EF8 (decimal 7928)
   defining Unicode char U+1EF9 (decimal 7929)
   defining Unicode char U+200C (decimal 8204)
   defining Unicode char U+2013 (decimal 8211)
   defining Unicode char U+2014 (decimal 8212)
   defining Unicode char U+2018 (decimal 8216)
   defining Unicode char U+2019 (decimal 8217)
   defining Unicode char U+201A (decimal 8218)
   defining Unicode char U+201C (decimal 8220)
   defining Unicode char U+201D (decimal 8221)
   defining Unicode char U+201E (decimal 8222)
   defining Unicode char U+2030 (decimal 8240)
   defining Unicode char U+2031 (decimal 8241)
   defining Unicode char U+2039 (decimal 8249)
   defining Unicode char U+203A (decimal 8250)
   defining Unicode char U+2423 (decimal 9251)
))
LaTeX Font Info:    Trying to load font information for T5+cmss on input line 116.
 (/usr/local/texlive/2025basic/texmf-dist/tex/latex/vntex/t5cmss.fd
File: t5cmss.fd 1999/05/25 v2.5h Standard LaTeX font definitions
)) (/usr/local/texlive/2025basic/texmf-dist/tex/generic/babel/babel.sty
Package: babel 2025/10/22 v25.14 The multilingual framework for LuaLaTeX, pdfLaTeX and XeLaTeX
\babel@savecnt=\count358
LaTeX Encoding Info:    Redeclaring text command \ij (encoding OT1) on input line 2050.
LaTeX Encoding Info:    Redeclaring text command \IJ (encoding OT1) on input line 2052.
LaTeX Encoding Info:    Redeclaring text command \ij (encoding T1) on input line 2054.
LaTeX Encoding Info:    Redeclaring text command \IJ (encoding T1) on input line 2055.
LaTeX Encoding Info:    Ignoring declaration for text command \ij (encoding ?) on input line 2056.
LaTeX Encoding Info:    Ignoring declaration for text command \IJ (encoding ?) on input line 2058.
LaTeX Encoding Info:    Ignoring declaration for text command \SS (encoding ?) on input line 2083.
\U@D=\dimen302
\l@unhyphenated=\language23
 (/usr/local/texlive/2025basic/texmf-dist/tex/generic/babel/txtbabel.def)
\bbl@readstream=\read3
LaTeX Info: Redefining \textlatin on input line 3942.
\bbl@dirlevel=\count359
 (/usr/local/texlive/2025basic/texmf-dist/tex/generic/babel/locale/vi/babel-vietnamese.tex)
Package babel Info: Importing font and identification data for vietnamese
(babel)             from babel-vi.ini. Reported on input line 4295.
 (/usr/local/texlive/2025basic/texmf-dist/tex/generic/babel-vietnamese/vietnamese.ldf
Language: vietnamese 


Package babel Warning: No hyphenation patterns were preloaded for
(babel)                the language 'Vietnamese' into the format.
(babel)                Please, configure your TeX system to add them and
(babel)                rebuild the format. Now I will use the patterns
(babel)                preloaded for \language=0 instead on input line 36.

Package babel Info: Hyphen rules for 'vietnamese' set to \l@english
(babel)             (\language0). Reported on input line 37.
Package babel Info: Hyphen rules for 'vietnam' set to \l@english
(babel)             (\language0). Reported on input line 38.
Loading definitions for the Vietnamese font encoding (/usr/local/texlive/2025basic/texmf-dist/tex/latex/vntex/t5enc.def
File: t5enc.def 2006/11/21 v1.4 Vietnamese T5 encoding
LaTeX Font Info:    Redeclaring font encoding T5 on input line 75.
LaTeX Encoding Info:    Redeclaring text command \` (encoding T5) on input line 79.
LaTeX Encoding Info:    Redeclaring text command \' (encoding T5) on input line 80.
LaTeX Encoding Info:    Redeclaring text command \^ (encoding T5) on input line 81.
LaTeX Encoding Info:    Redeclaring text command \~ (encoding T5) on input line 82.
LaTeX Encoding Info:    Redeclaring text command \" (encoding T5) on input line 83.
LaTeX Encoding Info:    Redeclaring text command \r (encoding T5) on input line 84.
LaTeX Encoding Info:    Redeclaring text command \v (encoding T5) on input line 85.
LaTeX Encoding Info:    Redeclaring text command \u (encoding T5) on input line 86.
LaTeX Encoding Info:    Redeclaring text command \= (encoding T5) on input line 87.
LaTeX Encoding Info:    Redeclaring text command \. (encoding T5) on input line 88.
LaTeX Encoding Info:    Redeclaring text command \b (encoding T5) on input line 90.
LaTeX Encoding Info:    Redeclaring text command \c (encoding T5) on input line 94.
LaTeX Encoding Info:    Redeclaring text command \d (encoding T5) on input line 98.
LaTeX Encoding Info:    Redeclaring text command \h (encoding T5) on input line 103.
LaTeX Encoding Info:    Redeclaring text symbol \quotesinglbase (encoding T5) on input line 105.
LaTeX Encoding Info:    Redeclaring text symbol \guilsinglleft (encoding T5) on input line 106.
LaTeX Encoding Info:    Redeclaring text symbol \guilsinglright (encoding T5) on input line 107.
LaTeX Encoding Info:    Redeclaring text symbol \textquotedblleft (encoding T5) on input line 108.
LaTeX Encoding Info:    Redeclaring text symbol \textquotedblright (encoding T5) on input line 109.
LaTeX Encoding Info:    Redeclaring text symbol \quotedblbase (encoding T5) on input line 110.
LaTeX Encoding Info:    Redeclaring text symbol \guillemotleft (encoding T5) on input line 111.
LaTeX Encoding Info:    Redeclaring text symbol \guillemotright (encoding T5) on input line 112.
LaTeX Encoding Info:    Redeclaring text symbol \textendash (encoding T5) on input line 113.
LaTeX Encoding Info:    Redeclaring text symbol \textemdash (encoding T5) on input line 114.
LaTeX Encoding Info:    Redeclaring text symbol \textcompwordmark (encoding T5) on input line 115.
LaTeX Encoding Info:    Redeclaring text command \textperthousand (encoding T5) on input line 117.
LaTeX Encoding Info:    Redeclaring text command \textpertenthousand (encoding T5) on input line 118.
LaTeX Encoding Info:    Redeclaring text symbol \i (encoding T5) on input line 119.
LaTeX Encoding Info:    Redeclaring text symbol \textvisiblespace (encoding T5) on input line 121.
LaTeX Encoding Info:    Redeclaring text symbol \textquotedbl (encoding T5) on input line 122.
LaTeX Encoding Info:    Redeclaring text symbol \textdollar (encoding T5) on input line 123.
LaTeX Encoding Info:    Redeclaring text symbol \textquoteright (encoding T5) on input line 124.
LaTeX Encoding Info:    Redeclaring text symbol \textless (encoding T5) on input line 125.
LaTeX Encoding Info:    Redeclaring text symbol \textgreater (encoding T5) on input line 126.
LaTeX Encoding Info:    Redeclaring text symbol \textbackslash (encoding T5) on input line 127.
LaTeX Encoding Info:    Redeclaring text symbol \textasciicircum (encoding T5) on input line 128.
LaTeX Encoding Info:    Redeclaring text symbol \textunderscore (encoding T5) on input line 129.
LaTeX Encoding Info:    Redeclaring text symbol \textquoteleft (encoding T5) on input line 130.
LaTeX Encoding Info:    Redeclaring text symbol \textbraceleft (encoding T5) on input line 131.
LaTeX Encoding Info:    Redeclaring text symbol \textbar (encoding T5) on input line 132.
LaTeX Encoding Info:    Redeclaring text symbol \textbraceright (encoding T5) on input line 133.
LaTeX Encoding Info:    Redeclaring text symbol \textasciitilde (encoding T5) on input line 134.
LaTeX Encoding Info:    Redeclaring text command \horn (encoding T5) on input line 137.
LaTeX Encoding Info:    Redeclaring text symbol \DJ (encoding T5) on input line 306.
LaTeX Encoding Info:    Redeclaring text symbol \dj (encoding T5) on input line 307.
LaTeX Encoding Info:    Redeclaring text symbol \Acircumflex (encoding T5) on input line 312.
LaTeX Encoding Info:    Redeclaring text symbol \Abreve (encoding T5) on input line 319.
LaTeX Encoding Info:    Redeclaring text symbol \Ecircumflex (encoding T5) on input line 326.
LaTeX Encoding Info:    Redeclaring text symbol \Ocircumflex (encoding T5) on input line 333.
LaTeX Encoding Info:    Redeclaring text symbol \Ohorn (encoding T5) on input line 340.
LaTeX Encoding Info:    Redeclaring text symbol \Uhorn (encoding T5) on input line 347.
LaTeX Encoding Info:    Redeclaring text symbol \acircumflex (encoding T5) on input line 354.
LaTeX Encoding Info:    Redeclaring text symbol \abreve (encoding T5) on input line 361.
LaTeX Encoding Info:    Redeclaring text symbol \ecircumflex (encoding T5) on input line 368.
LaTeX Encoding Info:    Redeclaring text symbol \ocircumflex (encoding T5) on input line 375.
LaTeX Encoding Info:    Redeclaring text symbol \ohorn (encoding T5) on input line 382.
LaTeX Encoding Info:    Redeclaring text symbol \uhorn (encoding T5) on input line 389.
LaTeX Encoding Info:    Redeclaring text symbol \ACIRCUMFLEX (encoding T5) on input line 397.
LaTeX Encoding Info:    Redeclaring text symbol \ABREVE (encoding T5) on input line 404.
LaTeX Encoding Info:    Redeclaring text symbol \ECIRCUMFLEX (encoding T5) on input line 411.
LaTeX Encoding Info:    Redeclaring text symbol \OCIRCUMFLEX (encoding T5) on input line 418.
LaTeX Encoding Info:    Redeclaring text symbol \OHORN (encoding T5) on input line 425.
LaTeX Encoding Info:    Redeclaring text symbol \UHORN (encoding T5) on input line 432.
)
Package babel Info: Making " an active character on input line 147.
)) (/usr/local/texlive/2025basic/texmf-dist/tex/latex/mathtools/mathtools.sty
Package: mathtools 2024/10/04 v1.31 mathematical typesetting tools
 (/usr/local/texlive/2025basic/texmf-dist/tex/latex/tools/calc.sty
Package: calc 2025/03/01 v4.3b Infix arithmetic (KKT,FJ)
\calc@Acount=\count360
\calc@Bcount=\count361
\calc@Adimen=\dimen303
\calc@Bdimen=\dimen304
\calc@Askip=\skip67
\calc@Bskip=\skip68
LaTeX Info: Redefining \setlength on input line 86.
LaTeX Info: Redefining \addtolength on input line 87.
\calc@Ccount=\count362
\calc@Cskip=\skip69
) (/usr/local/texlive/2025basic/texmf-dist/tex/latex/mathtools/mhsetup.sty
Package: mhsetup 2021/03/18 v1.4 programming setup (MH)
)
\g_MT_multlinerow_int=\count363
\l_MT_multwidth_dim=\dimen305
\origjot=\skip70
\l_MT_shortvdotswithinadjustabove_dim=\dimen306
\l_MT_shortvdotswithinadjustbelow_dim=\dimen307
\l_MT_above_intertext_sep=\dimen308
\l_MT_below_intertext_sep=\dimen309
\l_MT_above_shortintertext_sep=\dimen310
\l_MT_below_shortintertext_sep=\dimen311
\xmathstrut@box=\box78
\xmathstrut@dim=\dimen312
) (/usr/local/texlive/2025basic/texmf-dist/tex/latex/enumitem/enumitem.sty
Package: enumitem 2025/02/06 v3.11 Customized lists
\labelindent=\skip71
\enit@outerparindent=\dimen313
\enit@toks=\toks48
\enit@inbox=\box79
\enit@count@id=\count364
\enitdp@description=\count365
)
\sympureletters=\mathgroup6
LaTeX Font Info:    Overwriting symbol font `pureletters' in version `bold'
(Font)                  OT1/mathkerncmss/m/sl --> OT1/mathkerncmss/bx/sl on input line 23.
 (/usr/local/texlive/2025basic/texmf-dist/tex/latex/tools/bm.sty
Package: bm 2025/10/21 v1.2g Bold Symbol Support (DPC/FMi)
\symboldoperators=\mathgroup7
\symboldletters=\mathgroup8
\symboldsymbols=\mathgroup9
Package bm Info: No bold for \OMX/cmex/m/n, using \pmb.
Package bm Info: No bold for \U/msa/m/n, using \pmb.
Package bm Info: No bold for \U/msb/m/n, using \pmb.
\symboldpureletters=\mathgroup10
LaTeX Font Info:    Redeclaring math alphabet \mathbf on input line 149.
) (/usr/local/texlive/2025basic/texmf-dist/tex/latex/pgf/frontendlayer/tikz.sty (/usr/local/texlive/2025basic/texmf-dist/tex/latex/pgf/basiclayer/pgf.sty
Package: pgf 2025-08-29 v3.1.11a (3.1.11a)
 (/usr/local/texlive/2025basic/texmf-dist/tex/generic/pgf/modules/pgfmoduleshapes.code.tex
File: pgfmoduleshapes.code.tex 2025-08-29 v3.1.11a (3.1.11a)
\pgfnodeparttextbox=\box80
) (/usr/local/texlive/2025basic/texmf-dist/tex/generic/pgf/modules/pgfmoduleplot.code.tex
File: pgfmoduleplot.code.tex 2025-08-29 v3.1.11a (3.1.11a)
) (/usr/local/texlive/2025basic/texmf-dist/tex/latex/pgf/compatibility/pgfcomp-version-0-65.sty
Package: pgfcomp-version-0-65 2025-08-29 v3.1.11a (3.1.11a)
\pgf@nodesepstart=\dimen314
\pgf@nodesepend=\dimen315
) (/usr/local/texlive/2025basic/texmf-dist/tex/latex/pgf/compatibility/pgfcomp-version-1-18.sty
Package: pgfcomp-version-1-18 2025-08-29 v3.1.11a (3.1.11a)
)) (/usr/local/texlive/2025basic/texmf-dist/tex/latex/pgf/utilities/pgffor.sty (/usr/local/texlive/2025basic/texmf-dist/tex/generic/pgf/utilities/pgffor.code.tex
Package: pgffor 2025-08-29 v3.1.11a (3.1.11a)
\pgffor@iter=\dimen316
\pgffor@skip=\dimen317
\pgffor@stack=\toks49
\pgffor@toks=\toks50
)) (/usr/local/texlive/2025basic/texmf-dist/tex/generic/pgf/frontendlayer/tikz/tikz.code.tex
Package: tikz 2025-08-29 v3.1.11a (3.1.11a)
 (/usr/local/texlive/2025basic/texmf-dist/tex/generic/pgf/libraries/pgflibraryplothandlers.code.tex
File: pgflibraryplothandlers.code.tex 2025-08-29 v3.1.11a (3.1.11a)
\pgf@plot@mark@count=\count366
\pgfplotmarksize=\dimen318
)
\tikz@lastx=\dimen319
\tikz@lasty=\dimen320
\tikz@lastxsaved=\dimen321
\tikz@lastysaved=\dimen322
\tikz@lastmovetox=\dimen323
\tikz@lastmovetoy=\dimen324
\tikzleveldistance=\dimen325
\tikzsiblingdistance=\dimen326
\tikz@figbox=\box81
\tikz@figbox@bg=\box82
\tikz@tempbox=\box83
\tikz@tempbox@bg=\box84
\tikztreelevel=\count367
\tikznumberofchildren=\count368
\tikznumberofcurrentchild=\count369
\tikz@fig@count=\count370
 (/usr/local/texlive/2025basic/texmf-dist/tex/generic/pgf/modules/pgfmodulematrix.code.tex
File: pgfmodulematrix.code.tex 2025-08-29 v3.1.11a (3.1.11a)
\pgfmatrixcurrentrow=\count371
\pgfmatrixcurrentcolumn=\count372
\pgf@matrix@numberofcolumns=\count373
)
\tikz@expandcount=\count374
 (/usr/local/texlive/2025basic/texmf-dist/tex/generic/pgf/frontendlayer/tikz/libraries/tikzlibrarytopaths.code.tex
File: tikzlibrarytopaths.code.tex 2025-08-29 v3.1.11a (3.1.11a)
))) (/usr/local/texlive/2025basic/texmf-dist/tex/generic/pgf/frontendlayer/tikz/libraries/tikzlibrarypositioning.code.tex
File: tikzlibrarypositioning.code.tex 2025-08-29 v3.1.11a (3.1.11a)
) (/usr/local/texlive/2025basic/texmf-dist/tex/latex/l3backend/l3backend-pdftex.def
File: l3backend-pdftex.def 2025-10-09 L3 backend support: PDF output (pdfTeX)
\l__color_backend_stack_int=\count375
) (./CS115.aux
Package babel Info: 'vietnamese' activates 'vietnamese' shorthands.
(babel)             Reported on input line 8.
)
\openout1 = `CS115.aux'.

LaTeX Font Info:    Checking defaults for OML/cmm/m/it on input line 33.
LaTeX Font Info:    ... okay on input line 33.
LaTeX Font Info:    Checking defaults for OMS/cmsy/m/n on input line 33.
LaTeX Font Info:    ... okay on input line 33.
LaTeX Font Info:    Checking defaults for OT1/cmr/m/n on input line 33.
LaTeX Font Info:    ... okay on input line 33.
LaTeX Font Info:    Checking defaults for T1/cmr/m/n on input line 33.
LaTeX Font Info:    ... okay on input line 33.
LaTeX Font Info:    Checking defaults for TS1/cmr/m/n on input line 33.
LaTeX Font Info:    ... okay on input line 33.
LaTeX Font Info:    Checking defaults for OMX/cmex/m/n on input line 33.
LaTeX Font Info:    ... okay on input line 33.
LaTeX Font Info:    Checking defaults for U/cmr/m/n on input line 33.
LaTeX Font Info:    ... okay on input line 33.
LaTeX Font Info:    Checking defaults for PD1/pdf/m/n on input line 33.
LaTeX Font Info:    ... okay on input line 33.
LaTeX Font Info:    Checking defaults for PU/pdf/m/n on input line 33.
LaTeX Font Info:    ... okay on input line 33.
LaTeX Font Info:    Checking defaults for T5/cmr/m/n on input line 33.
LaTeX Font Info:    Trying to load font information for T5+cmr on input line 33.
 (/usr/local/texlive/2025basic/texmf-dist/tex/latex/vntex/t5cmr.fd
File: t5cmr.fd 1999/05/25 v2.5h Standard LaTeX font definitions
)
LaTeX Font Info:    ... okay on input line 33.

*geometry* driver: auto-detecting
*geometry* detected driver: pdftex
*geometry* verbose mode - [ preamble ] result:
* driver: pdftex
* paper: custom
* layout: <same size as paper>
* layoutoffset:(h,v)=(0.0pt,0.0pt)
* modes: includehead includefoot 
* h-part:(L,W,R)=(10.95003pt, 342.2953pt, 10.95003pt)
* v-part:(T,H,B)=(0.0pt, 273.14662pt, 0.0pt)
* \paperwidth=364.19536pt
* \paperheight=273.14662pt
* \textwidth=342.2953pt
* \textheight=244.6939pt
* \oddsidemargin=-61.31996pt
* \evensidemargin=-61.31996pt
* \topmargin=-72.26999pt
* \headheight=14.22636pt
* \headsep=0.0pt
* \topskip=11.0pt
* \footskip=14.22636pt
* \marginparwidth=4.0pt
* \marginparsep=10.0pt
* \columnsep=10.0pt
* \skip\footins=10.0pt plus 4.0pt minus 2.0pt
* \hoffset=0.0pt
* \voffset=0.0pt
* \mag=1000
* \@twocolumnfalse
* \@twosidefalse
* \@mparswitchfalse
* \@reversemarginfalse
* (1in=72.27pt=25.4mm, 1cm=28.453pt)

(/usr/local/texlive/2025basic/texmf-dist/tex/context/base/mkii/supp-pdf.mkii
[Loading MPS to PDF converter (version 2006.09.02).]
\scratchcounter=\count376
\scratchdimen=\dimen327
\scratchbox=\box85
\nofMPsegments=\count377
\nofMParguments=\count378
\everyMPshowfont=\toks51
\MPscratchCnt=\count379
\MPscratchDim=\dimen328
\MPnumerator=\count380
\makeMPintoPDFobject=\count381
\everyMPtoPDFconversion=\toks52
) (/usr/local/texlive/2025basic/texmf-dist/tex/latex/epstopdf-pkg/epstopdf-base.sty
Package: epstopdf-base 2020-01-24 v2.11 Base part for package epstopdf
Package epstopdf-base Info: Redefining graphics rule for `.eps' on input line 485.
 (/usr/local/texlive/2025basic/texmf-dist/tex/latex/latexconfig/epstopdf-sys.cfg
File: epstopdf-sys.cfg 2010/07/13 v1.3 Configuration of (r)epstopdf for TeX Live
))
Package hyperref Info: Link coloring OFF on input line 33.
 (./CS115.out) (./CS115.out)
\@outlinefile=\write5
\openout5 = `CS115.out'.

LaTeX Font Info:    Overwriting symbol font `operators' in version `normal'
(Font)                  OT1/cmr/m/n --> OT1/cmss/m/n on input line 33.
LaTeX Font Info:    Overwriting symbol font `operators' in version `bold'
(Font)                  OT1/cmr/bx/n --> OT1/cmss/b/n on input line 33.
\symnumbers=\mathgroup11
LaTeX Font Info:    Redeclaring symbol font `pureletters' on input line 33.
LaTeX Font Info:    Encoding `OT1' has changed to `T5' for symbol font
(Font)              `pureletters' in the math version `normal' on input line 33.
LaTeX Font Info:    Overwriting symbol font `pureletters' in version `normal'
(Font)                  OT1/mathkerncmss/m/sl --> T5/cmss/m/it on input line 33.
LaTeX Font Info:    Encoding `OT1' has changed to `T5' for symbol font
(Font)              `pureletters' in the math version `bold' on input line 33.
LaTeX Font Info:    Overwriting symbol font `pureletters' in version `bold'
(Font)                  OT1/mathkerncmss/bx/sl --> T5/cmss/m/it on input line 33.
LaTeX Font Info:    Overwriting math alphabet `\mathrm' in version `normal'
(Font)                  OT1/cmss/m/n --> T5/cmr/m/n on input line 33.
LaTeX Font Info:    Redeclaring math alphabet \mathbf on input line 33.
LaTeX Font Info:    Redeclaring math alphabet \mathsf on input line 33.
LaTeX Font Info:    Overwriting math alphabet `\mathsf' in version `normal'
(Font)                  OT1/cmss/m/n --> T5/cmss/m/n on input line 33.
LaTeX Font Info:    Overwriting math alphabet `\mathsf' in version `bold'
(Font)                  OT1/cmss/bx/n --> T5/cmss/m/n on input line 33.
LaTeX Font Info:    Redeclaring math alphabet \mathit on input line 33.
LaTeX Font Info:    Overwriting math alphabet `\mathit' in version `normal'
(Font)                  OT1/cmr/m/it --> T5/cmss/m/it on input line 33.
LaTeX Font Info:    Overwriting math alphabet `\mathit' in version `bold'
(Font)                  OT1/cmr/bx/it --> T5/cmss/m/it on input line 33.
LaTeX Font Info:    Redeclaring math alphabet \mathtt on input line 33.
LaTeX Font Info:    Overwriting math alphabet `\mathtt' in version `normal'
(Font)                  OT1/cmtt/m/n --> T5/cmtt/m/n on input line 33.
LaTeX Font Info:    Overwriting math alphabet `\mathtt' in version `bold'
(Font)                  OT1/cmtt/m/n --> T5/cmtt/m/n on input line 33.
LaTeX Font Info:    Overwriting symbol font `numbers' in version `bold'
(Font)                  T5/cmss/m/n --> T5/cmss/b/n on input line 33.
LaTeX Font Info:    Overwriting symbol font `pureletters' in version `bold'
(Font)                  T5/cmss/m/it --> T5/cmss/b/it on input line 33.
LaTeX Font Info:    Overwriting math alphabet `\mathrm' in version `bold'
(Font)                  OT1/cmss/b/n --> T5/cmr/b/n on input line 33.
LaTeX Font Info:    Overwriting math alphabet `\mathbf' in version `bold'
(Font)                  T5/cmss/b/n --> T5/cmss/b/n on input line 33.
LaTeX Font Info:    Overwriting math alphabet `\mathsf' in version `bold'
(Font)                  T5/cmss/m/n --> T5/cmss/b/n on input line 33.
LaTeX Font Info:    Overwriting math alphabet `\mathit' in version `bold'
(Font)                  T5/cmss/m/it --> T5/cmss/b/it on input line 33.
LaTeX Font Info:    Overwriting math alphabet `\mathtt' in version `bold'
(Font)                  T5/cmtt/m/n --> T5/cmtt/b/n on input line 33.
LaTeX Font Info:    Redeclaring symbol font `pureletters' on input line 33.
LaTeX Font Info:    Encoding `T5' has changed to `OT1' for symbol font
(Font)              `pureletters' in the math version `normal' on input line 33.
LaTeX Font Info:    Overwriting symbol font `pureletters' in version `normal'
(Font)                  T5/cmss/m/it --> OT1/mathkerncmss/m/sl on input line 33.
LaTeX Font Info:    Encoding `T5' has changed to `OT1' for symbol font
(Font)              `pureletters' in the math version `bold' on input line 33.
LaTeX Font Info:    Overwriting symbol font `pureletters' in version `bold'
(Font)                  T5/cmss/b/it --> OT1/mathkerncmss/m/sl on input line 33.
LaTeX Font Info:    Overwriting symbol font `pureletters' in version `bold'
(Font)                  OT1/mathkerncmss/m/sl --> OT1/mathkerncmss/bx/sl on input line 33.
 (/usr/local/texlive/2025basic/texmf-dist/tex/latex/translator/translator-basic-dictionary-English.dict
Dictionary: translator-basic-dictionary, Language: English 
) (/usr/local/texlive/2025basic/texmf-dist/tex/latex/translator/translator-bibliography-dictionary-English.dict
Dictionary: translator-bibliography-dictionary, Language: English 
) (/usr/local/texlive/2025basic/texmf-dist/tex/latex/translator/translator-environment-dictionary-English.dict
Dictionary: translator-environment-dictionary, Language: English 
) (/usr/local/texlive/2025basic/texmf-dist/tex/latex/translator/translator-months-dictionary-English.dict
Dictionary: translator-months-dictionary, Language: English 
) (/usr/local/texlive/2025basic/texmf-dist/tex/latex/translator/translator-numbers-dictionary-English.dict
Dictionary: translator-numbers-dictionary, Language: English 
) (/usr/local/texlive/2025basic/texmf-dist/tex/latex/translator/translator-theorem-dictionary-English.dict
Dictionary: translator-theorem-dictionary, Language: English 
) (./CS115.nav)
Overfull \hbox (28.78542pt too wide) in paragraph at lines 33--33
 [][]  
 []


Overfull \hbox (92.25732pt too wide) in paragraph at lines 33--33
 [][][][]  
 []


Overfull \hbox (28.78542pt too wide) in paragraph at lines 35--35
 [][]  
 []


Overfull \hbox (92.25732pt too wide) in paragraph at lines 35--35
 [][][][]  
 []




Overfull \hbox (28.78542pt too wide) has occurred while \output is active
 [][]  
 []


Overfull \hbox (92.25732pt too wide) has occurred while \output is active
 [][][][]  
 []

[1

{/usr/local/texlive/2025basic/texmf-var/fonts/map/pdftex/updmap/pdftex.map}]
Overfull \hbox (28.78542pt too wide) in paragraph at lines 41--41
 [][]  
 []


Overfull \hbox (92.25732pt too wide) in paragraph at lines 41--41
 [][][][]  
 []

(./CS115.toc)


Overfull \hbox (28.78542pt too wide) has occurred while \output is active
 [][]  
 []


Overfull \hbox (92.25732pt too wide) has occurred while \output is active
 [][][][]  
 []

[2

]
Overfull \hbox (28.78542pt too wide) in paragraph at lines 50--50
 [][]  
 []


Overfull \hbox (92.25732pt too wide) in paragraph at lines 50--50
 [][][][]  
 []




Overfull \hbox (28.78542pt too wide) has occurred while \output is active
 [][]  
 []


Overfull \hbox (92.25732pt too wide) has occurred while \output is active
 [][][][]  
 []

[3

]
Overfull \hbox (28.78542pt too wide) in paragraph at lines 58--58
 [][]  
 []


Overfull \hbox (92.25732pt too wide) in paragraph at lines 58--58
 [][][][]  
 []




Overfull \hbox (28.78542pt too wide) has occurred while \output is active
 [][]  
 []


Overfull \hbox (92.25732pt too wide) has occurred while \output is active
 [][][][]  
 []

[4

]
Overfull \hbox (28.78542pt too wide) in paragraph at lines 62--62
 [][]  
 []


Overfull \hbox (92.25732pt too wide) in paragraph at lines 62--62
 [][][][]  
 []

LaTeX Font Info:    Trying to load font information for U+msa on input line 62.
(/usr/local/texlive/2025basic/texmf-dist/tex/latex/amsfonts/umsa.fd
File: umsa.fd 2013/01/14 v3.01 AMS symbols A
)
LaTeX Font Info:    Trying to load font information for U+msb on input line 62.
 (/usr/local/texlive/2025basic/texmf-dist/tex/latex/amsfonts/umsb.fd
File: umsb.fd 2013/01/14 v3.01 AMS symbols B
)
LaTeX Font Info:    Trying to load font information for OT1+mathkerncmss on input line 62.
 (/usr/local/texlive/2025basic/texmf-dist/tex/latex/sansmathaccent/ot1mathkerncmss.fd
File: ot1mathkerncmss.fd 2020/01/31 Fontinst v1.933 font definitions for OT1/mathkerncmss.
)


Overfull \hbox (28.78542pt too wide) has occurred while \output is active
 [][]  
 []


Overfull \hbox (92.25732pt too wide) has occurred while \output is active
 [][][][]  
 []

[5

]
Overfull \hbox (28.78542pt too wide) in paragraph at lines 70--70
 [][]  
 []


Overfull \hbox (92.25732pt too wide) in paragraph at lines 70--70
 [][][][]  
 []




Overfull \hbox (28.78542pt too wide) has occurred while \output is active
 [][]  
 []


Overfull \hbox (92.25732pt too wide) has occurred while \output is active
 [][][][]  
 []

[6

]
Overfull \hbox (28.78542pt too wide) in paragraph at lines 78--78
 [][]  
 []


Overfull \hbox (92.25732pt too wide) in paragraph at lines 78--78
 [][][][]  
 []




Overfull \hbox (28.78542pt too wide) has occurred while \output is active
 [][]  
 []


Overfull \hbox (92.25732pt too wide) has occurred while \output is active
 [][][][]  
 []

[7

]
Overfull \hbox (28.78542pt too wide) in paragraph at lines 93--93
 [][]  
 []


Overfull \hbox (92.25732pt too wide) in paragraph at lines 93--93
 [][][][]  
 []




Overfull \hbox (28.78542pt too wide) has occurred while \output is active
 [][]  
 []


Overfull \hbox (92.25732pt too wide) has occurred while \output is active
 [][][][]  
 []

[8

]
Overfull \hbox (28.78542pt too wide) in paragraph at lines 103--103
 [][]  
 []


Overfull \hbox (92.25732pt too wide) in paragraph at lines 103--103
 [][][][]  
 []

<template-1_image_page11_1.png, id=283, 252.19218pt x 250.68657pt>
File: template-1_image_page11_1.png Graphic file (type png)
<use template-1_image_page11_1.png>
Package pdftex.def Info: template-1_image_page11_1.png  used on input line 103.
(pdftex.def)             Requested size: 188.26346pt x 187.14232pt.



Overfull \hbox (28.78542pt too wide) has occurred while \output is active
 [][]  
 []


Overfull \hbox (92.25732pt too wide) has occurred while \output is active
 [][][][]  
 []

[9

 <./template-1_image_page11_1.png (PNG copy)>]
Overfull \hbox (28.78542pt too wide) in paragraph at lines 113--113
 [][]  
 []


Overfull \hbox (92.25732pt too wide) in paragraph at lines 113--113
 [][][][]  
 []

<template-1_image_page12_1.png, id=311, 324.46219pt x 176.91093pt>
File: template-1_image_page12_1.png Graphic file (type png)
<use template-1_image_page12_1.png>
Package pdftex.def Info: template-1_image_page12_1.png  used on input line 113.
(pdftex.def)             Requested size: 239.60567pt x 130.64479pt.



Overfull \hbox (28.78542pt too wide) has occurred while \output is active
 [][]  
 []


Overfull \hbox (92.25732pt too wide) has occurred while \output is active
 [][][][]  
 []

[10

 <./template-1_image_page12_1.png (PNG copy)>]
Overfull \hbox (28.78542pt too wide) in paragraph at lines 123--123
 [][]  
 []


Overfull \hbox (92.25732pt too wide) in paragraph at lines 123--123
 [][][][]  
 []

<template-1_image_page13_1.png, id=339, 398.23781pt x 279.29344pt>
File: template-1_image_page13_1.png Graphic file (type png)
<use template-1_image_page13_1.png>
Package pdftex.def Info: template-1_image_page13_1.png  used on input line 123.
(pdftex.def)             Requested size: 239.60567pt x 168.04187pt.



Overfull \hbox (28.78542pt too wide) has occurred while \output is active
 [][]  
 []


Overfull \hbox (92.25732pt too wide) has occurred while \output is active
 [][][][]  
 []

[11

 <./template-1_image_page13_1.png (PNG copy)>]
Overfull \hbox (28.78542pt too wide) in paragraph at lines 134--134
 [][]  
 []


Overfull \hbox (92.25732pt too wide) in paragraph at lines 134--134
 [][][][]  
 []

<template-1_image_page14_1.png, id=366, 375.65344pt x 250.68657pt>
File: template-1_image_page14_1.png Graphic file (type png)
<use template-1_image_page14_1.png>
Package pdftex.def Info: template-1_image_page14_1.png  used on input line 134.
(pdftex.def)             Requested size: 239.60567pt x 159.89949pt.

Overfull \vbox (10.0661pt too high) detected at line 134
 []




Overfull \hbox (28.78542pt too wide) has occurred while \output is active
 [][]  
 []


Overfull \hbox (92.25732pt too wide) has occurred while \output is active
 [][][][]  
 []

[12

 <./template-1_image_page14_1.png (PNG copy)>]
Overfull \hbox (28.78542pt too wide) in paragraph at lines 142--142
 [][]  
 []


Overfull \hbox (92.25732pt too wide) in paragraph at lines 142--142
 [][][][]  
 []

(./CS115.toc)


Overfull \hbox (28.78542pt too wide) has occurred while \output is active
 [][]  
 []


Overfull \hbox (92.25732pt too wide) has occurred while \output is active
 [][][][]  
 []

[13

]
Overfull \hbox (28.78542pt too wide) in paragraph at lines 153--153
 [][]  
 []


Overfull \hbox (92.25732pt too wide) in paragraph at lines 153--153
 [][][][]  
 []




Overfull \hbox (28.78542pt too wide) has occurred while \output is active
 [][]  
 []


Overfull \hbox (92.25732pt too wide) has occurred while \output is active
 [][][][]  
 []

[14

{/usr/local/texlive/2025basic/texmf-dist/fonts/enc/dvips/cm-super/cm-super-t1.enc}]
Overfull \hbox (28.78542pt too wide) in paragraph at lines 168--168
 [][]  
 []


Overfull \hbox (92.25732pt too wide) in paragraph at lines 168--168
 [][][][]  
 []




Overfull \hbox (28.78542pt too wide) has occurred while \output is active
 [][]  
 []


Overfull \hbox (92.25732pt too wide) has occurred while \output is active
 [][][][]  
 []

[15

]
Overfull \hbox (28.78542pt too wide) in paragraph at lines 187--187
 [][]  
 []


Overfull \hbox (92.25732pt too wide) in paragraph at lines 187--187
 [][][][]  
 []




Overfull \hbox (28.78542pt too wide) has occurred while \output is active
 [][]  
 []


Overfull \hbox (92.25732pt too wide) has occurred while \output is active
 [][][][]  
 []

[16

]
Overfull \hbox (28.78542pt too wide) in paragraph at lines 247--247
 [][]  
 []


Overfull \hbox (92.25732pt too wide) in paragraph at lines 247--247
 [][][][]  
 []

Missing character: There is no ; in font nullfont!
Missing character: There is no ; in font nullfont!



Overfull \hbox (28.78542pt too wide) has occurred while \output is active
 [][]  
 []


Overfull \hbox (92.25732pt too wide) has occurred while \output is active
 [][][][]  
 []

[17

]
Overfull \hbox (28.78542pt too wide) in paragraph at lines 267--267
 [][]  
 []


Overfull \hbox (92.25732pt too wide) in paragraph at lines 267--267
 [][][][]  
 []


LaTeX Font Warning: Font shape `T5/cmss/b/n' undefined
(Font)              using `T5/cmss/m/n' instead on input line 267.




Overfull \hbox (28.78542pt too wide) has occurred while \output is active
 [][]  
 []


Overfull \hbox (92.25732pt too wide) has occurred while \output is active
 [][][][]  
 []

[18

]
Overfull \hbox (28.78542pt too wide) in paragraph at lines 280--280
 [][]  
 []


Overfull \hbox (92.25732pt too wide) in paragraph at lines 280--280
 [][][][]  
 []




Overfull \hbox (28.78542pt too wide) has occurred while \output is active
 [][]  
 []


Overfull \hbox (92.25732pt too wide) has occurred while \output is active
 [][][][]  
 []

[19

]
Overfull \hbox (28.78542pt too wide) in paragraph at lines 302--302
 [][]  
 []


Overfull \hbox (92.25732pt too wide) in paragraph at lines 302--302
 [][][][]  
 []




Overfull \hbox (28.78542pt too wide) has occurred while \output is active
 [][]  
 []


Overfull \hbox (92.25732pt too wide) has occurred while \output is active
 [][][][]  
 []

[20

]
Overfull \hbox (28.78542pt too wide) in paragraph at lines 323--323
 [][]  
 []


Overfull \hbox (92.25732pt too wide) in paragraph at lines 323--323
 [][][][]  
 []


Overfull \hbox (13.35356pt too wide) detected at line 323
[]
 []




Overfull \hbox (28.78542pt too wide) has occurred while \output is active
 [][]  
 []


Overfull \hbox (92.25732pt too wide) has occurred while \output is active
 [][][][]  
 []

[21

]
Overfull \hbox (28.78542pt too wide) in paragraph at lines 355--355
 [][]  
 []


Overfull \hbox (92.25732pt too wide) in paragraph at lines 355--355
 [][][][]  
 []


Overfull \hbox (13.22806pt too wide) detected at line 355
[]
 []


Overfull \vbox (9.08215pt too high) detected at line 355
 []




Overfull \hbox (28.78542pt too wide) has occurred while \output is active
 [][]  
 []


Overfull \hbox (92.25732pt too wide) has occurred while \output is active
 [][][][]  
 []

[22

]
Overfull \hbox (28.78542pt too wide) in paragraph at lines 378--378
 [][]  
 []


Overfull \hbox (92.25732pt too wide) in paragraph at lines 378--378
 [][][][]  
 []




Overfull \hbox (28.78542pt too wide) has occurred while \output is active
 [][]  
 []


Overfull \hbox (92.25732pt too wide) has occurred while \output is active
 [][][][]  
 []

[23

]
Overfull \hbox (28.78542pt too wide) in paragraph at lines 394--394
 [][]  
 []


Overfull \hbox (92.25732pt too wide) in paragraph at lines 394--394
 [][][][]  
 []




Overfull \hbox (28.78542pt too wide) has occurred while \output is active
 [][]  
 []


Overfull \hbox (92.25732pt too wide) has occurred while \output is active
 [][][][]  
 []

[24

]
Overfull \hbox (28.78542pt too wide) in paragraph at lines 413--413
 [][]  
 []


Overfull \hbox (92.25732pt too wide) in paragraph at lines 413--413
 [][][][]  
 []




Overfull \hbox (28.78542pt too wide) has occurred while \output is active
 [][]  
 []


Overfull \hbox (92.25732pt too wide) has occurred while \output is active
 [][][][]  
 []

[25

]
Overfull \hbox (28.78542pt too wide) in paragraph at lines 425--425
 [][]  
 []


Overfull \hbox (92.25732pt too wide) in paragraph at lines 425--425
 [][][][]  
 []

LaTeX Font Info:    Font shape `OT1/cmss/b/n' in size <10> not available
(Font)              Font shape `OT1/cmss/bx/n' tried instead on input line 425.
LaTeX Font Info:    Font shape `OT1/cmss/b/n' in size <7> not available
(Font)              Font shape `OT1/cmss/bx/n' tried instead on input line 425.
LaTeX Font Info:    Font shape `OT1/cmss/b/n' in size <5> not available
(Font)              Font shape `OT1/cmss/bx/n' tried instead on input line 425.



Overfull \hbox (28.78542pt too wide) has occurred while \output is active
 [][]  
 []


Overfull \hbox (92.25732pt too wide) has occurred while \output is active
 [][][][]  
 []

[26

]
Overfull \hbox (28.78542pt too wide) in paragraph at lines 427--427
 [][]  
 []


Overfull \hbox (92.25732pt too wide) in paragraph at lines 427--427
 [][][][]  
 []

\openout4 = `CS115.vrb'.


Overfull \hbox (28.78542pt too wide) in paragraph at lines 459--459
 [][]  
 []


Overfull \hbox (92.25732pt too wide) in paragraph at lines 459--459
 [][][][]  
 []

(./CS115.vrb

LaTeX Font Warning: Font shape `T5/cmss/m/it' in size <10.95> not available
(Font)              Font shape `T5/cmss/m/sl' tried instead on input line 4.

LaTeX Font Info:    Trying to load font information for T5+cmtt on input line 28.
(/usr/local/texlive/2025basic/texmf-dist/tex/latex/vntex/t5cmtt.fd
File: t5cmtt.fd 1999/05/25 v2.5h Standard LaTeX font definitions
))
Overfull \vbox (23.56897pt too high) detected at line 459
 []




Overfull \hbox (28.78542pt too wide) has occurred while \output is active
 [][]  
 []


Overfull \hbox (92.25732pt too wide) has occurred while \output is active
 [][][][]  
 []

[27

]
Overfull \hbox (28.78542pt too wide) in paragraph at lines 461--461
 [][]  
 []


Overfull \hbox (92.25732pt too wide) in paragraph at lines 461--461
 [][][][]  
 []

\openout4 = `CS115.vrb'.


Overfull \hbox (28.78542pt too wide) in paragraph at lines 499--499
 [][]  
 []


Overfull \hbox (92.25732pt too wide) in paragraph at lines 499--499
 [][][][]  
 []

(./CS115.vrb)
Overfull \vbox (67.04007pt too high) detected at line 499
 []




Overfull \hbox (28.78542pt too wide) has occurred while \output is active
 [][]  
 []


Overfull \hbox (92.25732pt too wide) has occurred while \output is active
 [][][][]  
 []

[28

]
Overfull \hbox (28.78542pt too wide) in paragraph at lines 518--518
 [][]  
 []


Overfull \hbox (92.25732pt too wide) in paragraph at lines 518--518
 [][][][]  
 []

<../MSSV_Ten_StockPredictionRNN/results/loss_curve_clipped.png, id=850, 433.62pt x 289.08pt>
File: ../MSSV_Ten_StockPredictionRNN/results/loss_curve_clipped.png Graphic file (type png)
<use ../MSSV_Ten_StockPredictionRNN/results/loss_curve_clipped.png>
Package pdftex.def Info: ../MSSV_Ten_StockPredictionRNN/results/loss_curve_clipped.png  used on input line 518.
(pdftex.def)             Requested size: 164.30028pt x 109.53394pt.
<../MSSV_Ten_StockPredictionRNN/results/gradients_norm.png, id=852, 433.62pt x 289.08pt>
File: ../MSSV_Ten_StockPredictionRNN/results/gradients_norm.png Graphic file (type png)
<use ../MSSV_Ten_StockPredictionRNN/results/gradients_norm.png>
Package pdftex.def Info: ../MSSV_Ten_StockPredictionRNN/results/gradients_norm.png  used on input line 518.
(pdftex.def)             Requested size: 164.30028pt x 109.53394pt.



Overfull \hbox (28.78542pt too wide) has occurred while \output is active
 [][]  
 []


Overfull \hbox (92.25732pt too wide) has occurred while \output is active
 [][][][]  
 []

[29

 <../MSSV_Ten_StockPredictionRNN/results/loss_curve_clipped.png> <../MSSV_Ten_StockPredictionRNN/results/gradients_norm.png>]
Overfull \hbox (28.78542pt too wide) in paragraph at lines 527--527
 [][]  
 []


Overfull \hbox (92.25732pt too wide) in paragraph at lines 527--527
 [][][][]  
 []

<../MSSV_Ten_StockPredictionRNN/results/prediction_chart.png, id=881, 578.16pt x 289.08pt>
File: ../MSSV_Ten_StockPredictionRNN/results/prediction_chart.png Graphic file (type png)
<use ../MSSV_Ten_StockPredictionRNN/results/prediction_chart.png>
Package pdftex.def Info: ../MSSV_Ten_StockPredictionRNN/results/prediction_chart.png  used on input line 527.
(pdftex.def)             Requested size: 290.9531pt x 145.47476pt.



Overfull \hbox (28.78542pt too wide) has occurred while \output is active
 [][]  
 []


Overfull \hbox (92.25732pt too wide) has occurred while \output is active
 [][][][]  
 []

[30

 <../MSSV_Ten_StockPredictionRNN/results/prediction_chart.png>]
Overfull \hbox (28.78542pt too wide) in paragraph at lines 533--533
 [][]  
 []


Overfull \hbox (92.25732pt too wide) in paragraph at lines 533--533
 [][][][]  
 []

(./CS115.toc)


Overfull \hbox (28.78542pt too wide) has occurred while \output is active
 [][]  
 []


Overfull \hbox (92.25732pt too wide) has occurred while \output is active
 [][][][]  
 []

[31

]
Overfull \hbox (28.78542pt too wide) in paragraph at lines 558--558
 [][]  
 []


Overfull \hbox (92.25732pt too wide) in paragraph at lines 558--558
 [][][][]  
 []




Overfull \hbox (28.78542pt too wide) has occurred while \output is active
 [][]  
 []


Overfull \hbox (92.25732pt too wide) has occurred while \output is active
 [][][][]  
 []

[32

]
Overfull \hbox (28.78542pt too wide) in paragraph at lines 587--587
 [][]  
 []


Overfull \hbox (92.25732pt too wide) in paragraph at lines 587--587
 [][][][]  
 []




Overfull \hbox (28.78542pt too wide) has occurred while \output is active
 [][]  
 []


Overfull \hbox (92.25732pt too wide) has occurred while \output is active
 [][][][]  
 []

[33

]
Overfull \hbox (28.78542pt too wide) in paragraph at lines 621--621
 [][]  
 []


Overfull \hbox (92.25732pt too wide) in paragraph at lines 621--621
 [][][][]  
 []




Overfull \hbox (28.78542pt too wide) has occurred while \output is active
 [][]  
 []


Overfull \hbox (92.25732pt too wide) has occurred while \output is active
 [][][][]  
 []

[34

]
Overfull \hbox (28.78542pt too wide) in paragraph at lines 634--634
 [][]  
 []


Overfull \hbox (92.25732pt too wide) in paragraph at lines 634--634
 [][][][]  
 []




Overfull \hbox (28.78542pt too wide) has occurred while \output is active
 [][]  
 []


Overfull \hbox (92.25732pt too wide) has occurred while \output is active
 [][][][]  
 []

[35

]
Overfull \hbox (28.78542pt too wide) in paragraph at lines 657--657
 [][]  
 []


Overfull \hbox (92.25732pt too wide) in paragraph at lines 657--657
 [][][][]  
 []




Overfull \hbox (28.78542pt too wide) has occurred while \output is active
 [][]  
 []


Overfull \hbox (92.25732pt too wide) has occurred while \output is active
 [][][][]  
 []

[36

]
Overfull \hbox (28.78542pt too wide) in paragraph at lines 680--680
 [][]  
 []


Overfull \hbox (92.25732pt too wide) in paragraph at lines 680--680
 [][][][]  
 []




Overfull \hbox (28.78542pt too wide) has occurred while \output is active
 [][]  
 []


Overfull \hbox (92.25732pt too wide) has occurred while \output is active
 [][][][]  
 []

[37

]
\tf@nav=\write6
\openout6 = `CS115.nav'.

\tf@toc=\write7
\openout7 = `CS115.toc'.

\tf@snm=\write8
\openout8 = `CS115.snm'.

 (./CS115.aux)
 ***********
LaTeX2e <2025-06-01> patch level 1
L3 programming layer <2025-09-02>
 ***********


LaTeX Font Warning: Some font shapes were not available, defaults substituted.

Package rerunfilecheck Info: File `CS115.out' has not changed.
(rerunfilecheck)             Checksum: B8156ADD761A6A84CD3D98BDB3D05B35;634.
 ) 
Here is how much of TeX's memory you used:
 28213 strings out of 469220
 554809 string characters out of 5462267
 945078 words of memory out of 5000000
 56011 multiletter control sequences out of 15000+600000
 672252 words of font info for 146 fonts, out of 8000000 for 9000
 319 hyphenation exceptions out of 8191
 128i,17n,123p,516b,1024s stack positions out of 10000i,1000n,20000p,200000b,200000s
</usr/local/texlive/2025basic/texmf-dist/fonts/type1/public/amsfonts/cm/cmex10.pfb></usr/local/texlive/2025basic/texmf-dist/fonts/type1/public/amsfonts/cm/cmmi10.pfb></usr/local/texlive/2025basic/texmf-dist/fonts/type1/public/amsfonts/cm/cmmi7.pfb></usr/local/texlive/2025basic/texmf-dist/fonts/type1/public/amsfonts/cm/cmmi8.pfb></usr/local/texlive/2025basic/texmf-dist/fonts/type1/public/amsfonts/cm/cmmi9.pfb></usr/local/texlive/2025basic/texmf-dist/fonts/type1/public/amsfonts/cm/cmss10.pfb></usr/local/texlive/2025basic/texmf-dist/fonts/type1/public/amsfonts/cm/cmss8.pfb></usr/local/texlive/2025basic/texmf-dist/fonts/type1/public/amsfonts/cm/cmss9.pfb></usr/local/texlive/2025basic/texmf-dist/fonts/type1/public/amsfonts/cm/cmssi10.pfb></usr/local/texlive/2025basic/texmf-dist/fonts/type1/public/amsfonts/cm/cmssi8.pfb></usr/local/texlive/2025basic/texmf-dist/fonts/type1/public/amsfonts/cm/cmsy10.pfb></usr/local/texlive/2025basic/texmf-dist/fonts/type1/public/amsfonts/cm/cmsy7.pfb></usr/local/texlive/2025basic/texmf-dist/fonts/type1/public/amsfonts/cm/cmsy8.pfb></usr/local/texlive/2025basic/texmf-dist/fonts/type1/public/amsfonts/symbols/msam10.pfb></usr/local/texlive/2025basic/texmf-dist/fonts/type1/public/amsfonts/symbols/msbm10.pfb></usr/local/texlive/2025basic/texmf-dist/fonts/type1/public/cm-super/sfso0800.pfb></usr/local/texlive/2025basic/texmf-dist/fonts/type1/public/cm-super/sfso0900.pfb></usr/local/texlive/2025basic/texmf-dist/fonts/type1/public/cm-super/sfso1000.pfb></usr/local/texlive/2025basic/texmf-dist/fonts/type1/public/cm-super/sfso1200.pfb></usr/local/texlive/2025basic/texmf-dist/fonts/type1/vntex/vnr/vnss10.pfb></usr/local/texlive/2025basic/texmf-dist/fonts/type1/vntex/vnr/vnss12.pfb></usr/local/texlive/2025basic/texmf-dist/fonts/type1/vntex/vnr/vnss8.pfb></usr/local/texlive/2025basic/texmf-dist/fonts/type1/vntex/vnr/vnssbx10.pfb></usr/local/texlive/2025basic/texmf-dist/fonts/type1/vntex/vnr/vnssi10.pfb></usr/local/texlive/2025basic/texmf-dist/fonts/type1/vntex/vnr/vntt9.pfb>
Output written on CS115.pdf (37 pages, 577406 bytes).
PDF statistics:
 1230 PDF objects out of 1440 (max. 8388607)
 1066 compressed objects within 11 object streams
 78 named destinations out of 1000 (max. 500000)
 150 words of extra memory for PDF output out of 10000 (max. 10000000)

